10:10:45.595 [main] INFO  i.t.s.WorkflowServiceStubsImpl - Created GRPC client for channel: ManagedChannelOrphanWrapper{delegate=ManagedChannelImpl{logId=1, target=127.0.0.1:7233}}
10:10:45.735 [main] INFO  io.temporal.internal.worker.Poller - start(): Poller{options=PollerOptions{maximumPollRateIntervalMilliseconds=1000, maximumPollRatePerSecond=0.0, pollBackoffCoefficient=2.0, pollBackoffInitialInterval=PT0.1S, pollBackoffMaximumInterval=PT1M, pollThreadCount=2, pollThreadNamePrefix='Workflow Poller taskQueue="FcmaesOptimization", namespace="default"'}, identity=35819@xxx-MS-7B77b}
10:10:45.736 [main] INFO  io.temporal.internal.worker.Poller - start(): Poller{options=PollerOptions{maximumPollRateIntervalMilliseconds=1000, maximumPollRatePerSecond=0.0, pollBackoffCoefficient=2.0, pollBackoffInitialInterval=PT0.1S, pollBackoffMaximumInterval=PT1M, pollThreadCount=5, pollThreadNamePrefix='Host Local Workflow Poller'}, identity=ef7ee55f-4ed4-468b-bc12-baa0e65a8ae8}

Workflow started: WorkflowID: CAQgrhJDan RunID: 98ecba26-d64f-4861-a37c-41e52dd710a6, Namespace: default, Host: xxx-MS-7B77b/127.0.1.1optimization 1 requested
10:12:06.973 [main] INFO  i.t.s.WorkflowServiceStubsImpl - Created GRPC client for channel: ManagedChannelOrphanWrapper{delegate=ManagedChannelImpl{logId=1, target=127.0.0.1:7233}}
10:12:07.123 [main] INFO  io.temporal.internal.worker.Poller - start(): Poller{options=PollerOptions{maximumPollRateIntervalMilliseconds=1000, maximumPollRatePerSecond=0.0, pollBackoffCoefficient=2.0, pollBackoffInitialInterval=PT0.1S, pollBackoffMaximumInterval=PT1M, pollThreadCount=2, pollThreadNamePrefix='Workflow Poller taskQueue="FcmaesOptimization", namespace="default"'}, identity=36305@xxx-MS-7B77b}
10:12:07.124 [main] INFO  io.temporal.internal.worker.Poller - start(): Poller{options=PollerOptions{maximumPollRateIntervalMilliseconds=1000, maximumPollRatePerSecond=0.0, pollBackoffCoefficient=2.0, pollBackoffInitialInterval=PT0.1S, pollBackoffMaximumInterval=PT1M, pollThreadCount=5, pollThreadNamePrefix='Host Local Workflow Poller'}, identity=fbdffb3a-02f8-48c8-87a4-a8b414ca7f78}

Workflow started: WorkflowID: fPHyEbrfff RunID: 7372613a-6444-4128-9e68-13007332c2b5, Namespace: default, Host: xxx-MS-7B77b/127.0.1.1optimization 1 requested
10:13:07.392 [main] INFO  i.t.s.WorkflowServiceStubsImpl - Created GRPC client for channel: ManagedChannelOrphanWrapper{delegate=ManagedChannelImpl{logId=1, target=127.0.0.1:7233}}
10:13:07.530 [main] INFO  io.temporal.internal.worker.Poller - start(): Poller{options=PollerOptions{maximumPollRateIntervalMilliseconds=1000, maximumPollRatePerSecond=0.0, pollBackoffCoefficient=2.0, pollBackoffInitialInterval=PT0.1S, pollBackoffMaximumInterval=PT1M, pollThreadCount=2, pollThreadNamePrefix='Workflow Poller taskQueue="FcmaesOptimization", namespace="default"'}, identity=36731@xxx-MS-7B77b}
10:13:07.531 [main] INFO  io.temporal.internal.worker.Poller - start(): Poller{options=PollerOptions{maximumPollRateIntervalMilliseconds=1000, maximumPollRatePerSecond=0.0, pollBackoffCoefficient=2.0, pollBackoffInitialInterval=PT0.1S, pollBackoffMaximumInterval=PT1M, pollThreadCount=5, pollThreadNamePrefix='Host Local Workflow Poller'}, identity=34bcb198-2c66-4356-8027-e008e8f71bb9}

Workflow started: WorkflowID: OpGRHgbTUQ RunID: 0d4bdcb1-59db-4bbe-86c2-06bf14cf4090, Namespace: default, Host: xxx-MS-7B77b/127.0.1.1optimization 1 requested
10:13:55.962 [main] INFO  i.t.s.WorkflowServiceStubsImpl - Created GRPC client for channel: ManagedChannelOrphanWrapper{delegate=ManagedChannelImpl{logId=1, target=127.0.0.1:7233}}
10:13:56.105 [main] INFO  io.temporal.internal.worker.Poller - start(): Poller{options=PollerOptions{maximumPollRateIntervalMilliseconds=1000, maximumPollRatePerSecond=0.0, pollBackoffCoefficient=2.0, pollBackoffInitialInterval=PT0.1S, pollBackoffMaximumInterval=PT1M, pollThreadCount=2, pollThreadNamePrefix='Workflow Poller taskQueue="SmartOptimization", namespace="default"'}, identity=37114@xxx-MS-7B77b}
10:13:56.105 [main] INFO  io.temporal.internal.worker.Poller - start(): Poller{options=PollerOptions{maximumPollRateIntervalMilliseconds=1000, maximumPollRatePerSecond=0.0, pollBackoffCoefficient=2.0, pollBackoffInitialInterval=PT0.1S, pollBackoffMaximumInterval=PT1M, pollThreadCount=5, pollThreadNamePrefix='Host Local Workflow Poller'}, identity=c25d1d30-45e5-4582-b8f0-48916a54633a}

Workflow started: WorkflowID: SOmUYmiVOk RunID: 2f63c362-f789-4393-b185-745407eeb8a8, Namespace: default, Host: xxx-MS-7B77b/127.0.1.1optimization 1 requested
optimization 2 requested
optimization 3 requested
optimization 4 requested
optimization 5 requested
optimization 6 requested
optimization 7 requested
optimization 8 requested
query 0 0
query 0 0
signal 1 98
1 98 50.0 40.01 0 0.0 6.2911922 19.966 n=98 m=14.096 sd=2.704 l=6.291 u=19.966 [6.3, 6.4, 7.4, 8.0, 8.9, 9.3, 9.6, 9.6, 9.8, 9.9, 10.3, 10.5, 10.8, 11.1, 11.1, 11.3, 11.4, 11.4, 11.4, 11.6] [2016.9838447653408, 4.049993405143663, 0.4980114818936283, 0.643950319835386, 358.268920482271, 449.3938091549615, 238.90390495735437, 175.8352348777183, 351.3464049388372, 526.6409027102958, 0.7696734434363349, 0.63361001672132, 0.2747714817240155, 0.5675563518617295, 0.5512637986646526, 0.8101887101039537, 4.359886044523013, 1.9558149030026342, 1.050039644496845, 5.362715668221231, 3.2707462505297697, 2.2967684383956066, 2.0331463779206813, -1.476039891809187, -0.9070651135409663, -1.6018977105761094]
query 0 98
signal 2 98
2 196 50.0 40.101 0 0.0 6.2911922 19.561 n=196 m=14.076 sd=2.724 l=6.291 u=19.966 [6.3, 6.4, 7.4, 8.0, 8.9, 9.3, 9.6, 9.6, 9.8, 9.9, 10.3, 10.5, 10.8, 11.1, 11.1, 11.3, 11.4, 11.4, 11.4, 11.6] [2016.9838447653408, 4.049993405143663, 0.4980114818936283, 0.643950319835386, 358.268920482271, 449.3938091549615, 238.90390495735437, 175.8352348777183, 351.3464049388372, 526.6409027102958, 0.7696734434363349, 0.63361001672132, 0.2747714817240155, 0.5675563518617295, 0.5512637986646526, 0.8101887101039537, 4.359886044523013, 1.9558149030026342, 1.050039644496845, 5.362715668221231, 3.2707462505297697, 2.2967684383956066, 2.0331463779206813, -1.476039891809187, -0.9070651135409663, -1.6018977105761094]
query 0 196
signal 3 98
3 294 50.0 40.23 0 0.0 6.2911922 19.296 n=294 m=14.097 sd=2.748 l=6.291 u=19.966 [6.3, 6.4, 7.4, 8.0, 8.9, 9.3, 9.6, 9.6, 9.8, 9.9, 10.3, 10.5, 10.8, 11.1, 11.1, 11.3, 11.4, 11.4, 11.4, 11.6] [2016.9838447653408, 4.049993405143663, 0.4980114818936283, 0.643950319835386, 358.268920482271, 449.3938091549615, 238.90390495735437, 175.8352348777183, 351.3464049388372, 526.6409027102958, 0.7696734434363349, 0.63361001672132, 0.2747714817240155, 0.5675563518617295, 0.5512637986646526, 0.8101887101039537, 4.359886044523013, 1.9558149030026342, 1.050039644496845, 5.362715668221231, 3.2707462505297697, 2.2967684383956066, 2.0331463779206813, -1.476039891809187, -0.9070651135409663, -1.6018977105761094]
query 0 294
signal 4 97
4 391 50.0 49.976 0 0.0 6.2911922 19.466 n=391 m=14.065 sd=2.705 l=6.291 u=19.966 [6.3, 6.4, 7.4, 8.0, 8.9, 9.3, 9.6, 9.6, 9.8, 9.9, 10.3, 10.5, 10.8, 11.1, 11.1, 11.3, 11.4, 11.4, 11.4, 11.6] [2016.9838447653408, 4.049993405143663, 0.4980114818936283, 0.643950319835386, 358.268920482271, 449.3938091549615, 238.90390495735437, 175.8352348777183, 351.3464049388372, 526.6409027102958, 0.7696734434363349, 0.63361001672132, 0.2747714817240155, 0.5675563518617295, 0.5512637986646526, 0.8101887101039537, 4.359886044523013, 1.9558149030026342, 1.050039644496845, 5.362715668221231, 3.2707462505297697, 2.2967684383956066, 2.0331463779206813, -1.476039891809187, -0.9070651135409663, -1.6018977105761094]
query 1618560876073 391
signal 5 52
5 443 50.0 59.678 0 0.0 6.2911922 18.404 n=443 m=13.925 sd=2.791 l=6.291 u=19.966 [6.3, 6.4, 7.4, 8.0, 8.9, 9.3, 9.6, 9.6, 9.8, 9.9, 10.3, 10.5, 10.8, 11.1, 11.1, 11.3, 11.4, 11.4, 11.4, 11.6] [2016.9838447653408, 4.049993405143663, 0.4980114818936283, 0.643950319835386, 358.268920482271, 449.3938091549615, 238.90390495735437, 175.8352348777183, 351.3464049388372, 526.6409027102958, 0.7696734434363349, 0.63361001672132, 0.2747714817240155, 0.5675563518617295, 0.5512637986646526, 0.8101887101039537, 4.359886044523013, 1.9558149030026342, 1.050039644496845, 5.362715668221231, 3.2707462505297697, 2.2967684383956066, 2.0331463779206813, -1.476039891809187, -0.9070651135409663, -1.6018977105761094]
query 1618560876053 443
signal 6 53
6 496 50.0 60.625 0 0.0 6.2911922 18.412 n=496 m=13.806 sd=2.82 l=6.291 u=19.966 [6.3, 6.4, 7.4, 8.0, 8.9, 9.3, 9.6, 9.6, 9.8, 9.9, 10.3, 10.5, 10.8, 11.1, 11.1, 11.3, 11.4, 11.4, 11.4, 11.6] [2016.9838447653408, 4.049993405143663, 0.4980114818936283, 0.643950319835386, 358.268920482271, 449.3938091549615, 238.90390495735437, 175.8352348777183, 351.3464049388372, 526.6409027102958, 0.7696734434363349, 0.63361001672132, 0.2747714817240155, 0.5675563518617295, 0.5512637986646526, 0.8101887101039537, 4.359886044523013, 1.9558149030026342, 1.050039644496845, 5.362715668221231, 3.2707462505297697, 2.2967684383956066, 2.0331463779206813, -1.476039891809187, -0.9070651135409663, -1.6018977105761094]
query 1618560876316 496
signal 7 245
7 496 50.0 62.498 0 0.0 6.2911922 19.966 n=741 m=13.83 sd=2.822 l=6.291 u=19.966 [6.3, 6.4, 6.4, 6.6, 6.7, 7.0, 7.0, 7.2, 7.2, 7.2, 7.4, 7.4, 7.4, 7.4, 7.5, 7.6, 7.7, 7.7, 7.8, 7.8] [2016.9838447653408, 4.049993405143663, 0.4980114818936283, 0.643950319835386, 358.268920482271, 449.3938091549615, 238.90390495735437, 175.8352348777183, 351.3464049388372, 526.6409027102958, 0.7696734434363349, 0.63361001672132, 0.2747714817240155, 0.5675563518617295, 0.5512637986646526, 0.8101887101039537, 4.359886044523013, 1.9558149030026342, 1.050039644496845, 5.362715668221231, 3.2707462505297697, 2.2967684383956066, 2.0331463779206813, -1.476039891809187, -0.9070651135409663, -1.6018977105761094]
query 1618560876201 496
signal 8 343
8 496 50.0 70.84 0 0.0 6.2911922 19.966 n=1084 m=13.894 sd=2.821 l=6.291 u=19.966 [6.3, 6.4, 6.4, 6.5, 6.6, 6.7, 7.0, 7.0, 7.2, 7.2, 7.2, 7.4, 7.4, 7.4, 7.4, 7.5, 7.6, 7.7, 7.7, 7.7] [2016.9838447653408, 4.049993405143663, 0.4980114818936283, 0.643950319835386, 358.268920482271, 449.3938091549615, 238.90390495735437, 175.8352348777183, 351.3464049388372, 526.6409027102958, 0.7696734434363349, 0.63361001672132, 0.2747714817240155, 0.5675563518617295, 0.5512637986646526, 0.8101887101039537, 4.359886044523013, 1.9558149030026342, 1.050039644496845, 5.362715668221231, 3.2707462505297697, 2.2967684383956066, 2.0331463779206813, -1.476039891809187, -0.9070651135409663, -1.6018977105761094]
query 1618560895878 208
signal 9 303
9 456 50.0 78.75 0 0.0 6.2911922 17.087 n=1387 m=13.833 sd=2.754 l=6.291 u=19.966 [6.3, 6.4, 6.4, 6.4, 6.5, 6.6, 6.7, 6.8, 7.0, 7.0, 7.2, 7.2, 7.2, 7.4, 7.4, 7.4, 7.4, 7.5, 7.6, 7.6] [2016.9838447653408, 4.049993405143663, 0.4980114818936283, 0.643950319835386, 358.268920482271, 449.3938091549615, 238.90390495735437, 175.8352348777183, 351.3464049388372, 526.6409027102958, 0.7696734434363349, 0.63361001672132, 0.2747714817240155, 0.5675563518617295, 0.5512637986646526, 0.8101887101039537, 4.359886044523013, 1.9558149030026342, 1.050039644496845, 5.362715668221231, 3.2707462505297697, 2.2967684383956066, 2.0331463779206813, -1.476039891809187, -0.9070651135409663, -1.6018977105761094]
query 1618560896873 149
signal 10 315
10 477 50.0 79.633 0 0.0 6.2911922 16.312 n=1702 m=13.682 sd=2.72 l=6.291 u=19.966 [6.3, 6.4, 6.4, 6.4, 6.5, 6.6, 6.7, 6.8, 7.0, 7.0, 7.2, 7.2, 7.2, 7.3, 7.4, 7.4, 7.4, 7.4, 7.5, 7.6] [2016.9838447653408, 4.049993405143663, 0.4980114818936283, 0.643950319835386, 358.268920482271, 449.3938091549615, 238.90390495735437, 175.8352348777183, 351.3464049388372, 526.6409027102958, 0.7696734434363349, 0.63361001672132, 0.2747714817240155, 0.5675563518617295, 0.5512637986646526, 0.8101887101039537, 4.359886044523013, 1.9558149030026342, 1.050039644496845, 5.362715668221231, 3.2707462505297697, 2.2967684383956066, 2.0331463779206813, -1.476039891809187, -0.9070651135409663, -1.6018977105761094]
query 1618560898697 149
signal 11 189
11 470 50.0 80.921 0 0.0 6.2911922 15.808 n=1891 m=13.558 sd=2.715 l=6.291 u=19.966 [6.3, 6.4, 6.4, 6.4, 6.5, 6.6, 6.7, 6.8, 7.0, 7.0, 7.2, 7.2, 7.2, 7.2, 7.3, 7.4, 7.4, 7.4, 7.4, 7.5] [2016.9838447653408, 4.049993405143663, 0.4980114818936283, 0.643950319835386, 358.268920482271, 449.3938091549615, 238.90390495735437, 175.8352348777183, 351.3464049388372, 526.6409027102958, 0.7696734434363349, 0.63361001672132, 0.2747714817240155, 0.5675563518617295, 0.5512637986646526, 0.8101887101039537, 4.359886044523013, 1.9558149030026342, 1.050039644496845, 5.362715668221231, 3.2707462505297697, 2.2967684383956066, 2.0331463779206813, -1.476039891809187, -0.9070651135409663, -1.6018977105761094]
query 1618560907041 130
signal 12 149
12 472 50.0 90.512 0 0.0 6.2911922 15.45 n=2040 m=13.442 sd=2.734 l=6.291 u=19.966 [6.3, 6.4, 6.4, 6.4, 6.5, 6.6, 6.6, 6.7, 6.7, 6.8, 7.0, 7.0, 7.2, 7.2, 7.2, 7.2, 7.3, 7.4, 7.4, 7.4] [2016.9838447653408, 4.049993405143663, 0.4980114818936283, 0.643950319835386, 358.268920482271, 449.3938091549615, 238.90390495735437, 175.8352348777183, 351.3464049388372, 526.6409027102958, 0.7696734434363349, 0.63361001672132, 0.2747714817240155, 0.5675563518617295, 0.5512637986646526, 0.8101887101039537, 4.359886044523013, 1.9558149030026342, 1.050039644496845, 5.362715668221231, 3.2707462505297697, 2.2967684383956066, 2.0331463779206813, -1.476039891809187, -0.9070651135409663, -1.6018977105761094]
query 1618560914969 118
signal 13 144
0 472 50.0 101.261 0 0.0 6.22877255 15.45 n=2041 m=13.438 sd=2.738 l=6.229 u=19.966 [6.3, 6.4, 6.4, 6.4, 6.5, 6.6, 6.6, 6.7, 6.7, 6.8, 7.0, 7.0, 7.2, 7.2, 7.2, 7.2, 7.3, 7.4, 7.4, 7.4] [2103.8516659341535, 4.049998635407806, 0.4964556170260628, 0.4406879446119094, 426.7104384974627, 297.0061434234564, 235.55743354296177, 175.33217502173488, 174.0736903657705, 174.2609820872656, 0.6099991347850474, 0.952796572661687, 0.5451039151398585, 0.2644438279648188, 0.38685513875910416, 0.4533974157620005, 2.679095678938496, 4.3061785604328655, 1.0500401204199432, 1.0500249973232794, 1.0500119771701355, 2.1238111530228108, 2.110661675961578, -1.8407508651748195, -2.0388407161406197, -1.5686119764551862]
13 469 50.0 101.262 0 0.0 6.22877255 14.992 n=2184 m=13.327 sd=2.748 l=6.229 u=19.966 [6.2, 6.3, 6.4, 6.4, 6.4, 6.5, 6.6, 6.6, 6.6, 6.6, 6.7, 6.7, 6.7, 6.8, 7.0, 7.0, 7.2, 7.2, 7.2, 7.2] [2103.8516659341535, 4.049998635407806, 0.4964556170260628, 0.4406879446119094, 426.7104384974627, 297.0061434234564, 235.55743354296177, 175.33217502173488, 174.0736903657705, 174.2609820872656, 0.6099991347850474, 0.952796572661687, 0.5451039151398585, 0.2644438279648188, 0.38685513875910416, 0.4533974157620005, 2.679095678938496, 4.3061785604328655, 1.0500401204199432, 1.0500249973232794, 1.0500119771701355, 2.1238111530228108, 2.110661675961578, -1.8407508651748195, -2.0388407161406197, -1.5686119764551862]
query 1618560915895 120
signal 14 125
0 469 50.0 103.783 0 0.0 6.11434095 14.992 n=2185 m=13.323 sd=2.752 l=6.114 u=19.966 [6.2, 6.3, 6.4, 6.4, 6.4, 6.5, 6.6, 6.6, 6.6, 6.6, 6.7, 6.7, 6.7, 6.8, 7.0, 7.0, 7.2, 7.2, 7.2, 7.2] [1921.4176490227408, 4.049944372008923, 0.5475491480343306, 0.8177515912640255, 423.5073635905549, 224.6948435491699, 225.28035044482624, 263.90730769540505, 439.84863982408166, 263.9072771914948, 0.3095680412972864, 0.20800900450173798, 0.3852501293516089, 0.6998227300747356, 0.8359384751797165, 0.5806645851062113, 2.6941355370139806, 1.1001174033814596, 1.0502800782467219, 1.0500000000000003, 1.05021631457202, 0.6959062993721146, 1.4087143109076232, 1.568977053686185, -1.5684715425301228, 1.53877518463572]
14 496 50.0 103.789 0 0.0 6.11434095 14.757 n=2309 m=13.229 sd=2.763 l=6.114 u=19.966 [6.1, 6.2, 6.3, 6.3, 6.4, 6.4, 6.4, 6.5, 6.6, 6.6, 6.6, 6.6, 6.7, 6.7, 6.7, 6.8, 6.9, 7.0, 7.0, 7.0] [1921.4176490227408, 4.049944372008923, 0.5475491480343306, 0.8177515912640255, 423.5073635905549, 224.6948435491699, 225.28035044482624, 263.90730769540505, 439.84863982408166, 263.9072771914948, 0.3095680412972864, 0.20800900450173798, 0.3852501293516089, 0.6998227300747356, 0.8359384751797165, 0.5806645851062113, 2.6941355370139806, 1.1001174033814596, 1.0502800782467219, 1.0500000000000003, 1.05021631457202, 0.6959062993721146, 1.4087143109076232, 1.568977053686185, -1.5684715425301228, 1.53877518463572]
query 1618560917165 146
signal 15 107
0 496 50.0 104.57 0 0.0 6.10285095 14.757 n=2310 m=13.226 sd=2.766 l=6.103 u=19.966 [6.1, 6.2, 6.3, 6.3, 6.4, 6.4, 6.4, 6.5, 6.6, 6.6, 6.6, 6.6, 6.7, 6.7, 6.7, 6.8, 6.9, 7.0, 7.0, 7.0] [2016.8769662420455, 4.049003375173422, 0.49811915083899194, 0.644116345350955, 358.3513739360076, 449.3880930519433, 238.72486791363204, 175.8305425689316, 173.9921148027869, 174.2470528128294, 0.44837575507360616, 0.5992970487261121, 0.2752418991241315, 0.21527209127176464, 0.3935376456059161, 0.12763315403476203, 4.3101418953495, 1.968661145374472, 1.0501381965860506, 1.0499999999999998, 1.0519043836746964, 2.3075874166466837, 2.0227996218415836, -1.0962585163630785, -0.9633887239108921, -1.562675558173356]
15 456 50.0 104.571 0 0.0 6.10285095 14.6 n=2416 m=13.144 sd=2.776 l=6.103 u=19.966 [6.1, 6.1, 6.2, 6.3, 6.3, 6.4, 6.4, 6.4, 6.5, 6.6, 6.6, 6.6, 6.6, 6.7, 6.7, 6.7, 6.8, 6.9, 7.0, 7.0] [2016.8769662420455, 4.049003375173422, 0.49811915083899194, 0.644116345350955, 358.3513739360076, 449.3880930519433, 238.72486791363204, 175.8305425689316, 173.9921148027869, 174.2470528128294, 0.44837575507360616, 0.5992970487261121, 0.2752418991241315, 0.21527209127176464, 0.3935376456059161, 0.12763315403476203, 4.3101418953495, 1.968661145374472, 1.0501381965860506, 1.0499999999999998, 1.0519043836746964, 2.3075874166466837, 2.0227996218415836, -1.0962585163630785, -0.9633887239108921, -1.562675558173356]
